
         ==============================
         S N O P T  7.7.7    (Feb 2021)
         ==============================
1

 SNMEMB EXIT 100 -- finished successfully
 SNMEMB INFO 104 -- memory requirements estimated

 Trial version of SNOPT -- for evaluation or academic purposes only
1

 Parameters
 ==========

 Files
 -----
 Solution file..........         0       Old basis file ........         0       Standard input.........         5
 Insert file............         0       New basis file ........         0       (Printer)..............         9
 Punch file.............         0       Backup basis file......         0       (Specs file)...........         0
 Load file..............         0       Dump file..............         0       Standard output........         6

 Frequencies
 -----------
 Print frequency........       100       Check frequency........        60       Save new basis map.....       100
 Summary frequency......       100       Factorization frequency        50       Expand frequency.......     10000

 QP subproblems
 --------------
 QPsolver Cholesky......
 Scale tolerance........     0.900       Minor feasibility tol..  1.00E-06       Iteration limit........     10000
 Scale option...........         0       Minor optimality  tol..  5.00E-07       Minor print level......         1
 Crash tolerance........     0.100       Pivot tolerance........  3.25E-11       New superbasics........        99
 Crash option...........         3       Elastic weight.........  1.00E+05

 Partial pricing
 ---------------
 LP Partial price.......         1       Prtl price section ( A)        12       Prtl price section (-I)         2
 QP Partial price.......         1       Prtl price section ( A)        12       Prtl price section (-I)         2

 The SQP Method
 --------------
 Minimize...............                 Cold start.............                 Proximal Point method..         1
 Nonlinear objectiv vars        12       Major optimality tol...  1.00E-06       Function precision.....  3.00E-13
 Unbounded step size....  1.00E+20       Superbasics limit......        12       Difference interval....  5.48E-07
 Unbounded objective....  1.00E+10       Reduced Hessian dim....        12       Central difference int.  6.70E-05
 Major step limit.......  2.00E+00       Derivative linesearch..                 Derivative level.......         3
 Major iterations limit.       100       Linesearch tolerance...   0.90000       Verify level...........         0
 Minor iterations limit.       500       Penalty parameter......  0.00E+00       Major Print Level......         1
 Time limit (secs)...... 9999999.0

 Hessian Approximation
 ---------------------
 Hessian full-memory....                 Hessian updates........  99999999       Hessian frequency......  99999999
                                                                                 Hessian flush..........  99999999

 Nonlinear constraints
 ---------------------
 Nonlinear constraints..         2       Major feasibility tol..  1.00E-06       Violation limit........  1.00E+06
 Nonlinear Jacobian vars        12

 Miscellaneous
 -------------
 LU factor tolerance....      3.99       LU singularity tol.....  3.25E-11       Timing level...........         3
 LU update tolerance....      3.99       LU swap tolerance......  1.22E-04       Debug level............         0
 LU partial  pivoting...                 eps (machine precision)  2.22E-16       System information.....        No
                                                                                 Sticky parameters......        No
1




 Matrix statistics
 -----------------
               Total      Normal        Free       Fixed     Bounded
 Rows              2           1           0           1           0
 Columns          12           0           0           0          12

 No. of matrix elements                   24     Density     100.000
 Biggest  constant element        0.0000E+00  (excluding fixed columns,
 Smallest constant element        0.0000E+00   free rows, and RHS)

 No. of objective coefficients             0

 Nonlinear constraints       2     Linear constraints       0
 Nonlinear variables        12     Linear variables         0
 Jacobian  variables        12     Objective variables     12
 Total constraints           2     Total variables         12
1



 The user has defined      24   out of      24   constraint gradients.
 The user has defined      12   out of      12   objective  gradients.

 Cheap test of user-supplied problem derivatives...

 The constraint gradients seem to be OK.

 -->  The largest discrepancy was    2.69E-06  in constraint    14


 The objective  gradients seem to be OK.

 Gradient projected in one direction   1.13305983808E-01
 Difference approximation              1.13305906581E-01
1



   Itns Major Minors    Step   nCon Feasible  Optimal  MeritFunction     L+U BSwap     nS condZHZ Penalty
     14     0     14              1  1.8E+01  1.4E+00  5.8121225E-01       5           10 1.2E+04         _  r
     16     1      2 7.0E-01      2  3.9E+00  2.3E-01  1.0437896E+00       3     1     10 1.1E+00 2.3E-04 _  rl
     18     2      2 5.0E-01      4  2.2E+00  1.7E-02  7.2381009E-01       3           11 2.3E+02 2.3E-04 _s
 Singular(m=n)  rank        1  n-rank       1  nsing        1
1

 SNOPTC EXIT  40 -- terminated after numerical difficulties
 SNOPTC INFO  43 -- cannot satisfy the general constraints

 Problem name                 pareto_f
 No. of iterations                  18   Objective           -1.7980749652E+11
 No. of major iterations             3   Linear    obj. term  0.0000000000E+00
 Penalty parameter           2.283E-04   Nonlinear obj. term -1.7980749652E+11
 User function calls (total)        16
 No. of superbasics                 11   No. of basic nonlinears             1
 No. of degenerate steps             0   Percentage                       0.00
 Max x                      11 7.2E+00   Max pi                      1 6.0E-05
 Max Primal infeas          13 2.1E+02   Max Dual infeas            11 2.5E+10
 Nonlinear constraint violn    2.1E+02
1

 Name           pareto_f                 Objective Value     -1.7980749652E+11

 Status         Optimal Soln             Iteration     18    Superbasics    11

 Objective               (Min)
 RHS
 Ranges
 Bounds

 Section 1 - Constraints

  Number  ...Row.. State  ...Value......  Slack Value...  ..Lower Limit.  ..Upper Limit.  .Dual Variable    ..i

      13  r      1 I  EQ       207.08555       207.08555          .               .              0.00006      1
      14  r      2    BS         8.80861      -791.19139           None        800.00000          .           2
1

 Section 2 - Variables

  Number  .Column. State  ...Value......  .Obj Gradient.  ..Lower Limit.  ..Upper Limit.  .Dual Variable    m+j

       1  x      1   SBS        -0.01102             NaN        -0.01500         0.01000             NaN      3
       2  x      2   SBS        -0.28416             NaN        -2.00000         2.00000             NaN      4
       3  x      3   SBS        -0.00039             NaN        -5.00000        10.00000             NaN      5
       4  x      4   SBS        -0.14580             NaN        -0.50000         1.50000             NaN      6
       5  x      5   SBS        -0.00018             NaN       -36.65191        36.65191             NaN      7
       6  x      6   SBS        -0.26595             NaN        -0.50000         1.50000             NaN      8
       7  x      7   SBS        -0.01030             NaN        -0.50000         1.0                 NaN      9
       8  x      8   SBS        -0.00659             NaN        -2.50000         5.00000             NaN     10
       9  x      9   SBS        -0.00613             NaN        -5.00000         5.00000             NaN     11
      10  x     10   SBS        -0.07401             NaN        -0.87266         0.87266             NaN     12
      11  x     11 N  BS         7.20841   -2.494412E+10         6.00000         8.00000   -2.494412E+10     13
      12  x     12   SBS         2.34195             NaN         1.0             3.00000             NaN     14

 Time for MPS input                             0.00 seconds
 Time for solving problem                    3961.62 seconds
 Time for solution output                       0.00 seconds
 Time for constraint functions               4265.19 seconds
 Time for objective function                    0.00 seconds

         ==============================
         S N O P T  7.7.7    (Feb 2021)
         ==============================
1

 SNMEMB EXIT 100 -- finished successfully
 SNMEMB INFO 104 -- memory requirements estimated

 Trial version of SNOPT -- for evaluation or academic purposes only
1

 Parameters
 ==========

 Files
 -----
 Solution file..........         0       Old basis file ........         0       Standard input.........         5
 Insert file............         0       New basis file ........         0       (Printer)..............         9
 Punch file.............         0       Backup basis file......         0       (Specs file)...........         0
 Load file..............         0       Dump file..............         0       Standard output........         6

 Frequencies
 -----------
 Print frequency........       100       Check frequency........        60       Save new basis map.....       100
 Summary frequency......       100       Factorization frequency        50       Expand frequency.......     10000

 QP subproblems
 --------------
 QPsolver Cholesky......
 Scale tolerance........     0.900       Minor feasibility tol..  1.00E-06       Iteration limit........     10000
 Scale option...........         0       Minor optimality  tol..  5.00E-07       Minor print level......         1
 Crash tolerance........     0.100       Pivot tolerance........  3.25E-11       New superbasics........        99
 Crash option...........         3       Elastic weight.........  1.00E+05

 Partial pricing
 ---------------
 LP Partial price.......         1       Prtl price section ( A)        12       Prtl price section (-I)         2
 QP Partial price.......         1       Prtl price section ( A)        12       Prtl price section (-I)         2

 The SQP Method
 --------------
 Minimize...............                 Cold start.............                 Proximal Point method..         1
 Nonlinear objectiv vars        12       Major optimality tol...  1.00E-06       Function precision.....  3.00E-13
 Unbounded step size....  1.00E+20       Superbasics limit......        12       Difference interval....  5.48E-07
 Unbounded objective....  1.00E+10       Reduced Hessian dim....        12       Central difference int.  6.70E-05
 Major step limit.......  2.00E+00       Derivative linesearch..                 Derivative level.......         3
 Major iterations limit.       100       Linesearch tolerance...   0.90000       Verify level...........         0
 Minor iterations limit.       500       Penalty parameter......  0.00E+00       Major Print Level......         1
 Time limit (secs)...... 9999999.0

 Hessian Approximation
 ---------------------
 Hessian full-memory....                 Hessian updates........  99999999       Hessian frequency......  99999999
                                                                                 Hessian flush..........  99999999

 Nonlinear constraints
 ---------------------
 Nonlinear constraints..         2       Major feasibility tol..  1.00E-06       Violation limit........  1.00E+06
 Nonlinear Jacobian vars        12

 Miscellaneous
 -------------
 LU factor tolerance....      3.99       LU singularity tol.....  3.25E-11       Timing level...........         3
 LU update tolerance....      3.99       LU swap tolerance......  1.22E-04       Debug level............         0
 LU partial  pivoting...                 eps (machine precision)  2.22E-16       System information.....        No
                                                                                 Sticky parameters......        No
1




 Matrix statistics
 -----------------
               Total      Normal        Free       Fixed     Bounded
 Rows              2           1           0           1           0
 Columns          12           0           0           0          12

 No. of matrix elements                   24     Density     100.000
 Biggest  constant element        0.0000E+00  (excluding fixed columns,
 Smallest constant element        0.0000E+00   free rows, and RHS)

 No. of objective coefficients             0

 Nonlinear constraints       2     Linear constraints       0
 Nonlinear variables        12     Linear variables         0
 Jacobian  variables        12     Objective variables     12
 Total constraints           2     Total variables         12
1



 The user has defined      24   out of      24   constraint gradients.
 The user has defined      12   out of      12   objective  gradients.

 Cheap test of user-supplied problem derivatives...

 The constraint gradients seem to be OK.

 -->  The largest discrepancy was    2.69E-06  in constraint    14


 The objective  gradients seem to be OK.

 Gradient projected in one direction   1.13305983808E-01
 Difference approximation              1.13305906581E-01
1



   Itns Major Minors    Step   nCon Feasible  Optimal  MeritFunction     L+U BSwap     nS condZHZ Penalty
     14     0     14              1  1.8E+01  1.4E+00  5.8121225E-01       5           10 1.2E+04         _  r
     16     1      2 7.0E-01      2  3.9E+00  2.3E-01  1.0437896E+00       3     1     10 1.1E+00 2.3E-04 _  rl
     17     2      1 7.5E-01      5  1.6E+00  1.5E-02  6.3510711E-01       3           10 1.1E+00 2.3E-04 _s
     18     3      1 1.0E+00      7  4.9E-02  1.4E-02  5.5147582E-01       3           10 1.1E+00 2.3E-04 _
     19     4      1 1.0E+00      9  5.9E-04  1.6E-02  5.5094361E-01       3           10 3.3E+00 2.3E-04 _ m
     21     5      2 1.0E+00     10  4.4E-02  1.4E-02  5.4571889E-01       3            9 1.2E+00 2.3E-04 _
     22     6      1 1.0E+00     12  8.3E-01  8.0E-03  5.2660560E-01       3            9 1.3E+00 2.3E-04 _ m
     24     7      2 1.0E+00     14  9.1E-04  9.5E-03  5.2313483E-01       3            8 4.0E+00 2.3E-04 _ m
     25     8      1 1.0E+00     16  1.4E-03  7.5E-03  5.2077356E-01       3            8 4.2E+00 2.3E-04 _ m
     28     9      3 1.0E+00     18  1.3E-03  4.4E-03  5.2014035E-01       3            6 5.3E+00 2.3E-04 _ m
     29    10      1 1.0E+00     20  5.0E-02  4.6E-03  5.1606713E-01       3            6 5.5E+00 2.3E-04 _ m
     33    11      4 1.0E+00     22  4.1E-05  7.2E-03  5.1595349E-01       3            7 8.8E+00 2.3E-04 _ m
     36    12      3 3.5E-01     33  3.1E-03  5.9E-03  5.1366254E-01       3            7 7.6E+00 2.3E-04 _ m
     37    13      1 1.9E-01     44  1.7E-03  5.7E-03  5.1274565E-01       3            7 7.6E+00 2.3E-04 _
     39    14      2 2.9E-01     55  3.1E-03  2.8E-03  5.1156832E-01       3            6 6.2E+00 2.3E-04 _ M
     40    15      1 2.5E-02     65  3.1E-03  2.8E-03  5.1143602E-01       3            6 6.4E+00 2.3E-04 _
 Singular(m=n)  rank        1  n-rank       1  nsing        1
 Singular(m>n)  rank        1  n-rank       1  nsing        1
 Singular(m=n)  rank        1  n-rank       1  nsing        1
1

 SNOPTC EXIT  40 -- terminated after numerical difficulties
 SNOPTC INFO  43 -- cannot satisfy the general constraints

 Problem name                 pareto_f
 No. of iterations                  40   Objective           -1.3337453719E+10
 No. of major iterations            16   Linear    obj. term  0.0000000000E+00
 Penalty parameter           2.293E-04   Nonlinear obj. term -1.3337453719E+10
 User function calls (total)        77
 No. of superbasics                  6   No. of basic nonlinears             0
 No. of degenerate steps             0   Percentage                       0.00
 Max x                      11 6.1E+00   Max pi                      1 1.4E-04
 Max Primal infeas          13 1.0E+03   Max Dual infeas            11 2.2E+09
 Nonlinear constraint violn    1.0E+03
1

 Name           pareto_f                 Objective Value     -1.3337453719E+10

 Status         Optimal Soln             Iteration     40    Superbasics     6

 Objective               (Min)
 RHS
 Ranges
 Bounds

 Section 1 - Constraints

  Number  ...Row.. State  ...Value......  Slack Value...  ..Lower Limit.  ..Upper Limit.  .Dual Variable    ..i

      13  r      1 I  BS      -997.68133      -997.68133          .               .             -0.00014      1
      14  r      2    BS       243.38529      -556.61471           None        800.00000          .           2
1

 Section 2 - Variables

  Number  .Column. State  ...Value......  .Obj Gradient.  ..Lower Limit.  ..Upper Limit.  .Dual Variable    m+j

       1  x      1    LL        -0.01500             NaN        -0.01500         0.01000             NaN      3
       2  x      2    FR         0.05753             NaN        -2.00000         2.00000             NaN      4
       3  x      3   SBS        -1.12726             NaN        -5.00000        10.00000             NaN      5
       4  x      4   SBS        -0.42796             NaN        -0.50000         1.50000             NaN      6
       5  x      5   SBS        -0.01013             NaN       -36.65191        36.65191             NaN      7
       6  x      6   SBS         0.10293             NaN        -0.50000         1.50000             NaN      8
       7  x      7   SBS        -0.26641             NaN        -0.50000         1.0                 NaN      9
       8  x      8    FR        -2.09709             NaN        -2.50000         5.00000             NaN     10
       9  x      9   SBS        -0.81923             NaN        -5.00000         5.00000             NaN     11
      10  x     10    LL        -0.87266             NaN        -0.87266         0.87266             NaN     12
      11  x     11 N  FR         6.12204   -2.178597E+09         6.00000         8.00000   -2.178597E+09     13
      12  x     12    UL         3.00000             NaN         1.0             3.00000             NaN     14

 Time for MPS input                             0.00 seconds
 Time for solving problem                   51818.44 seconds
 Time for solution output                       0.00 seconds
 Time for constraint functions              52439.25 seconds
 Time for objective function                    0.00 seconds
