
 ==============================
 S N O P T  7.7.7    (Feb 2021)
 ==============================

 SNMEMB EXIT 100 -- finished successfully
 SNMEMB INFO 104 -- memory requirements estimated

 Trial version of SNOPT -- for evaluation or academic purposes only



 Nonlinear constraints       2     Linear constraints       0
 Nonlinear variables        12     Linear variables         0
 Jacobian  variables        12     Objective variables     12
 Total constraints           2     Total variables         12



 The user has defined      24   out of      24   constraint gradients.
 The user has defined      12   out of      12   objective  gradients.


 Major Minors     Step   nCon Feasible  Optimal  MeritFunction     nS Penalty
     0      9               1  1.4E+01  1.1E+00 -9.4437232E-01      8           r
     1      1  8.8E-01      2  2.1E+00  3.9E-01 -7.1081712E-01      8 1.8E-04   rl
     2      2  1.0E+00      4  2.7E-02  3.4E-02 -9.2994707E-01      9 1.8E-04 sM
     3      2  1.0E+00      5  6.4E-02  1.5E-02 -9.3618022E-01      8 1.8E-04
     4      3  1.0E+00      6  2.9E-01  9.2E-03 -9.4729950E-01      6 1.8E-04
     5      1  5.0E-01      8  2.7E-01  3.3E-03 -9.5203539E-01      6 1.8E-04
     6      2  5.0E-01     10  1.6E-01  1.7E-03 -9.5442126E-01      5 1.8E-04
     7      1  1.0E+00     11  3.0E-02  1.4E-03 -9.5650424E-01      5 1.8E-04
     8      2  1.0E+00     12  3.6E-04  1.6E-03 -9.5662229E-01      4 1.8E-04
     9      1  1.0E+00     13  1.1E-01  1.1E-03 -9.5843285E-01      4 1.8E-04

 Major Minors     Step   nCon Feasible  Optimal  MeritFunction     nS Penalty
    10      1  1.0E+00     14  5.8E-05  1.7E-03 -9.5849915E-01      4 1.8E-04
    11      2  1.0E+00     15  4.4E-04  1.1E-03 -9.5870048E-01      3 1.8E-04
    12      1  1.0E+00     16  3.1E-02  2.4E-04 -9.6019816E-01      3 1.8E-04
    13      1  1.0E+00     17  8.9E-06  2.5E-04 -9.6020471E-01      3 1.8E-04
    14      2  1.0E+00     18  1.4E-04  3.5E-04 -9.6022449E-01      2 1.8E-04
    15      1  1.0E+00     19  5.3E-02  1.9E-04 -9.6059639E-01      2 1.8E-04
    16      1  1.0E+00     20  2.1E-05  1.8E-04 -9.6061517E-01      2 1.8E-04
    17      3  1.0E+00     21  7.9E-06  2.1E-04 -9.6062894E-01      2 1.8E-04
    18      1  8.8E-01     25  6.3E-04  1.4E-04 -9.6104509E-01      2 1.8E-04
    19      5  9.7E-01     36  7.2E-04  4.1E-05 -9.6110141E-01      2 1.8E-04  m

 Major Minors     Step   nCon Feasible  Optimal  MeritFunction     nS Penalty
    20      2  8.1E-01     46  1.9E-02  3.7E-05 -9.6114470E-01      3 1.8E-04
    21      1  2.9E-02     56  1.9E-02  3.1E-05 -9.6114488E-01      3 1.8E-04
    22      1  9.8E-04     67  1.9E-02  3.1E-05 -9.6114488E-01      3 1.8E-04
    23      1  3.2E-02     77  1.8E-02  3.1E-05 -9.6114500E-01      3 1.8E-04
