
         ==============================
         S N O P T  7.7.7    (Feb 2021)
         ==============================
1

 SNMEMB EXIT 100 -- finished successfully
 SNMEMB INFO 104 -- memory requirements estimated

 Trial version of SNOPT -- for evaluation or academic purposes only
1

 Parameters
 ==========

 Files
 -----
 Solution file..........         0       Old basis file ........         0       Standard input.........         5
 Insert file............         0       New basis file ........         0       (Printer)..............         9
 Punch file.............         0       Backup basis file......         0       (Specs file)...........         0
 Load file..............         0       Dump file..............         0       Standard output........         6

 Frequencies
 -----------
 Print frequency........       100       Check frequency........        60       Save new basis map.....       100
 Summary frequency......       100       Factorization frequency        50       Expand frequency.......     10000

 QP subproblems
 --------------
 QPsolver Cholesky......
 Scale tolerance........     0.900       Minor feasibility tol..  1.00E-06       Iteration limit........     10000
 Scale option...........         0       Minor optimality  tol..  5.00E-07       Minor print level......         1
 Crash tolerance........     0.100       Pivot tolerance........  3.25E-11       New superbasics........        99
 Crash option...........         3       Elastic weight.........  1.00E+05

 Partial pricing
 ---------------
 LP Partial price.......         1       Prtl price section ( A)        12       Prtl price section (-I)         2
 QP Partial price.......         1       Prtl price section ( A)        12       Prtl price section (-I)         2

 The SQP Method
 --------------
 Minimize...............                 Cold start.............                 Proximal Point method..         1
 Nonlinear objectiv vars        12       Major optimality tol...  1.00E-06       Function precision.....  3.00E-13
 Unbounded step size....  1.00E+20       Superbasics limit......        12       Difference interval....  5.48E-07
 Unbounded objective....  1.00E+10       Reduced Hessian dim....        12       Central difference int.  6.70E-05
 Major step limit.......  2.00E+00       Derivative linesearch..                 Derivative level.......         3
 Major iterations limit.       200       Linesearch tolerance...   0.90000       Verify level...........         0
 Minor iterations limit.       500       Penalty parameter......  0.00E+00       Major Print Level......         1
 Time limit (secs)...... 9999999.0

 Hessian Approximation
 ---------------------
 Hessian full-memory....                 Hessian updates........  99999999       Hessian frequency......  99999999
                                                                                 Hessian flush..........  99999999

 Nonlinear constraints
 ---------------------
 Nonlinear constraints..         2       Major feasibility tol..  1.00E-06       Violation limit........  1.00E+06
 Nonlinear Jacobian vars        12

 Miscellaneous
 -------------
 LU factor tolerance....      3.99       LU singularity tol.....  3.25E-11       Timing level...........         3
 LU update tolerance....      3.99       LU swap tolerance......  1.22E-04       Debug level............         0
 LU partial  pivoting...                 eps (machine precision)  2.22E-16       System information.....        No
                                                                                 Sticky parameters......        No
1




 Matrix statistics
 -----------------
               Total      Normal        Free       Fixed     Bounded
 Rows              2           1           0           1           0
 Columns          12           0           0           2          10

 No. of matrix elements                   24     Density     100.000
 Biggest  constant element        0.0000E+00  (excluding fixed columns,
 Smallest constant element        0.0000E+00   free rows, and RHS)

 No. of objective coefficients             0

 Nonlinear constraints       2     Linear constraints       0
 Nonlinear variables        12     Linear variables         0
 Jacobian  variables        12     Objective variables     12
 Total constraints           2     Total variables         12
1



 The user has defined      24   out of      24   constraint gradients.
 The user has defined      12   out of      12   objective  gradients.

 Cheap test of user-supplied problem derivatives...

 The constraint gradients seem to be OK.

 -->  The largest discrepancy was    3.92E-06  in constraint    14


 The objective  gradients seem to be OK.

 Gradient projected in one direction   4.49900303398E-04
 Difference approximation              4.49904024440E-04
1



   Itns Major Minors    Step   nCon Feasible  Optimal  MeritFunction     L+U BSwap     nS condZHZ Penalty
      9     0      9              1  1.4E+01  1.1E+00 -9.4437232E-01       3            8 1.0E+00         _  r
     10     1      1 8.8E-01      2  2.1E+00  3.9E-01 -7.1081712E-01       3            8 1.2E+00 1.8E-04 _  rl
     12     2      2 1.0E+00      4  2.7E-02  3.4E-02 -9.2994707E-01       3            9 1.7E+00 1.8E-04 _sM
     14     3      2 1.0E+00      5  6.4E-02  1.5E-02 -9.3618022E-01       3            8 3.6E+00 1.8E-04 _
     17     4      3 1.0E+00      6  2.9E-01  9.2E-03 -9.4729950E-01       3            6 1.2E+00 1.8E-04 _
     18     5      1 5.0E-01      8  2.7E-01  3.3E-03 -9.5203539E-01       3            6 1.1E+00 1.8E-04 _
     20     6      2 5.0E-01     10  1.6E-01  1.7E-03 -9.5442126E-01       3            5 1.1E+00 1.8E-04 _
     21     7      1 1.0E+00     11  3.0E-02  1.4E-03 -9.5650424E-01       3            5 1.3E+00 1.8E-04 _
     23     8      2 1.0E+00     12  3.6E-04  1.6E-03 -9.5662229E-01       3            4 1.5E+00 1.8E-04 _
     24     9      1 1.0E+00     13  1.1E-01  1.1E-03 -9.5843285E-01       3            4 1.5E+00 1.8E-04 _
     25    10      1 1.0E+00     14  5.8E-05  1.7E-03 -9.5849915E-01       3            4 6.2E+00 1.8E-04 _
     27    11      2 1.0E+00     15  4.4E-04  1.1E-03 -9.5870048E-01       3            3 1.1E+00 1.8E-04 _
     28    12      1 1.0E+00     16  3.1E-02  2.4E-04 -9.6019816E-01       3            3 1.1E+00 1.8E-04 _
     29    13      1 1.0E+00     17  8.9E-06  2.5E-04 -9.6020471E-01       3            3 9.8E+00 1.8E-04 _
     31    14      2 1.0E+00     18  1.4E-04  3.5E-04 -9.6022449E-01       3            2 3.5E+00 1.8E-04 _
     32    15      1 1.0E+00     19  5.3E-02  1.9E-04 -9.6059639E-01       3            2 3.5E+00 1.8E-04 _
     33    16      1 1.0E+00     20  2.1E-05  1.8E-04 -9.6061517E-01       3            2 1.4E+01 1.8E-04 _
     36    17      3 1.0E+00     21  7.9E-06  2.1E-04 -9.6062894E-01       3            2 1.8E+02 1.8E-04 _
     37    18      1 8.8E-01     25  6.3E-04  1.4E-04 -9.6104509E-01       3            2 1.6E+02 1.8E-04 _
     42    19      5 9.7E-01     36  7.2E-04  4.1E-05 -9.6110141E-01       3            2 4.8E+02 1.8E-04 _ m

   Itns Major Minors    Step   nCon Feasible  Optimal  MeritFunction     L+U BSwap     nS condZHZ Penalty
     44    20      2 8.1E-01     46  1.9E-02  3.7E-05 -9.6114470E-01       3            3 8.4E+05 1.8E-04 _
     45    21      1 2.9E-02     56  1.9E-02  3.1E-05 -9.6114488E-01       3            3 2.5E+05 1.8E-04 _
     46    22      1 9.8E-04     67  1.9E-02  3.1E-05 -9.6114488E-01       3            3 2.6E+05 1.8E-04 _
     47    23      1 3.2E-02     77  1.8E-02  3.1E-05 -9.6114500E-01       3            3 2.5E+05 1.8E-04 _
