
 ==============================
 S N O P T  7.7.7    (Feb 2021)
 ==============================

 SNMEMB EXIT 100 -- finished successfully
 SNMEMB INFO 104 -- memory requirements estimated

 Trial version of SNOPT -- for evaluation or academic purposes only



 Nonlinear constraints       2     Linear constraints       0
 Nonlinear variables        12     Linear variables         0
 Jacobian  variables        12     Objective variables     12
 Total constraints           2     Total variables         12



 The user has defined      24   out of      24   constraint gradients.
 The user has defined      12   out of      12   objective  gradients.


 Major Minors     Step   nCon Feasible  Optimal  MeritFunction     nS Penalty
     0     14               1  1.8E+01  1.4E+00  5.8121225E-01     10           r
     1      2  7.0E-01      2  3.9E+00  2.3E-01  1.0437896E+00     10 2.3E-04   rl
     2      2  5.0E-01      4  2.2E+00  1.7E-02  7.2381009E-01     11 2.3E-04 s

 SNOPTC EXIT  40 -- terminated after numerical difficulties
 SNOPTC INFO  43 -- cannot satisfy the general constraints

 Problem name                 pareto_f
 No. of iterations                  18   Objective           -1.7980749652E+11
 No. of major iterations             3   Linear    obj. term  0.0000000000E+00
 Penalty parameter           2.283E-04   Nonlinear obj. term -1.7980749652E+11
 User function calls (total)        16
 No. of superbasics                 11   No. of basic nonlinears             1
 No. of degenerate steps             0   Percentage                       0.00
 Max x                      11 7.2E+00   Max pi                      1 6.0E-05
 Max Primal infeas          13 2.1E+02   Max Dual infeas            11 2.5E+10
 Nonlinear constraint violn    2.1E+02



 Solution printed on file   9

 Time for MPS input                             0.00 seconds
 Time for solving problem                    3961.62 seconds
 Time for solution output                       0.00 seconds
 Time for constraint functions               4265.19 seconds
 Time for objective function                    0.00 seconds
